Destroy Kolla containers, volumes and host configuration : ansible-playbook -i ../multinode -e @/etc/kolla/globals.yml -e @/etc/kolla/passwords.yml -e CONFIG_DIR=/etc/kolla  /usr/local/share/kolla-ansible/ansible/destroy.yml 
[DEPRECATION WARNING]: The TRANSFORM_INVALID_GROUP_CHARS settings is set to 
allow bad characters in group names by default, this will change, but still be 
user configurable on deprecation. This feature will be removed in version 2.10.
 Deprecation warnings can be disabled by setting deprecation_warnings=False in 
ansible.cfg.
[WARNING]: Invalid characters were found in group names but not replaced, use
-vvvv to see details

PLAY [Apply role destroy] ******************************************************

TASK [Gathering Facts] *********************************************************
ok: [server1]
ok: [server3]
ok: [server2]

TASK [destroy : include_tasks] *************************************************
included: /usr/local/share/kolla-ansible/ansible/roles/destroy/tasks/validate_docker_execute.yml for server1, server2, server3

TASK [destroy : Ensure the docker service is running] **************************
changed: [server1]
changed: [server2]
changed: [server3]

TASK [destroy : include_tasks] *************************************************
included: /usr/local/share/kolla-ansible/ansible/roles/destroy/tasks/cleanup_containers.yml for server1, server2, server3

TASK [destroy : Destroying all Kolla containers and volumes] *******************
changed: [server1]
changed: [server2]
changed: [server3]

TASK [destroy : include_tasks] *************************************************
included: /usr/local/share/kolla-ansible/ansible/roles/destroy/tasks/cleanup_images.yml for server1, server2, server3

TASK [destroy : Removing Kolla images] *****************************************
skipping: [server1]
skipping: [server2]
skipping: [server3]

TASK [destroy : include_tasks] *************************************************
included: /usr/local/share/kolla-ansible/ansible/roles/destroy/tasks/cleanup_host.yml for server1, server2, server3

TASK [destroy : Destroying Kolla host configuration] ***************************
changed: [server1]
changed: [server2]
changed: [server3]

PLAY RECAP *********************************************************************
server1                    : ok=8    changed=3    unreachable=0    failed=0    skipped=1    rescued=0    ignored=0   
server2                    : ok=8    changed=3    unreachable=0    failed=0    skipped=1    rescued=0    ignored=0   
server3                    : ok=8    changed=3    unreachable=0    failed=0    skipped=1    rescued=0    ignored=0   

