Pre-deployment checking : ansible-playbook -i ../multinode -e @/etc/kolla/globals.yml -e @/etc/kolla/passwords.yml -e CONFIG_DIR=/etc/kolla  -e kolla_action=precheck /usr/local/share/kolla-ansible/ansible/site.yml 
[DEPRECATION WARNING]: The TRANSFORM_INVALID_GROUP_CHARS settings is set to 
allow bad characters in group names by default, this will change, but still be 
user configurable on deprecation. This feature will be removed in version 2.10.
 Deprecation warnings can be disabled by setting deprecation_warnings=False in 
ansible.cfg.
[WARNING]: Invalid characters were found in group names but not replaced, use
-vvvv to see details
[WARNING]: Could not match supplied host pattern, ignoring: enable_nova_True

PLAY [Gather facts for all hosts] **********************************************

TASK [Gathering Facts] *********************************************************
ok: [localhost]
ok: [server2]
ok: [server3]
ok: [server1]

TASK [Group hosts to determine when using --limit] *****************************
ok: [server1]
ok: [server2]
ok: [server3]
ok: [localhost]
[WARNING]: Could not match supplied host pattern, ignoring:
all_using_limit_True

PLAY [Gather facts for all hosts (if using --limit)] ***************************
skipping: no hosts matched

PLAY [Group hosts based on configuration] **************************************

TASK [Group hosts based on Kolla action] ***************************************
ok: [server1]
ok: [server2]
ok: [server3]
ok: [localhost]

TASK [Group hosts based on enabled services] ***********************************
ok: [server1] => (item=enable_aodh_False)
ok: [server1] => (item=enable_barbican_False)
ok: [server1] => (item=enable_blazar_False)
ok: [server1] => (item=enable_ceilometer_False)
ok: [server1] => (item=enable_chrony_True)
ok: [server2] => (item=enable_aodh_False)
ok: [server1] => (item=enable_cinder_True)
ok: [server2] => (item=enable_barbican_False)
ok: [server1] => (item=enable_cloudkitty_False)
ok: [server2] => (item=enable_blazar_False)
ok: [server1] => (item=enable_collectd_False)
ok: [server2] => (item=enable_ceilometer_False)
ok: [server1] => (item=enable_congress_False)
ok: [server2] => (item=enable_chrony_True)
ok: [server1] => (item=enable_cyborg_False)
ok: [server2] => (item=enable_cinder_True)
ok: [server1] => (item=enable_designate_False)
ok: [server2] => (item=enable_cloudkitty_False)
ok: [server1] => (item=enable_elasticsearch_False)
ok: [server2] => (item=enable_collectd_False)
ok: [server3] => (item=enable_aodh_False)
ok: [server1] => (item=enable_etcd_False)
ok: [server2] => (item=enable_congress_False)
ok: [localhost] => (item=enable_aodh_False)
ok: [server1] => (item=enable_freezer_False)
ok: [server3] => (item=enable_barbican_False)
ok: [server2] => (item=enable_cyborg_False)
ok: [server1] => (item=enable_glance_True)
ok: [server3] => (item=enable_blazar_False)
ok: [localhost] => (item=enable_barbican_False)
ok: [server2] => (item=enable_designate_False)
ok: [server1] => (item=enable_gnocchi_False)
ok: [server3] => (item=enable_ceilometer_False)
ok: [server2] => (item=enable_elasticsearch_False)
ok: [localhost] => (item=enable_blazar_False)
ok: [server1] => (item=enable_grafana_False)
ok: [server2] => (item=enable_etcd_False)
ok: [localhost] => (item=enable_ceilometer_False)
ok: [server1] => (item=enable_haproxy_True)
ok: [server2] => (item=enable_freezer_False)
ok: [server3] => (item=enable_chrony_True)
ok: [localhost] => (item=enable_chrony_True)
ok: [server1] => (item=enable_heat_True)
ok: [server2] => (item=enable_glance_True)
ok: [localhost] => (item=enable_cinder_True)
ok: [server3] => (item=enable_cinder_True)
ok: [server1] => (item=enable_horizon_True)
ok: [server2] => (item=enable_gnocchi_False)
ok: [localhost] => (item=enable_cloudkitty_False)
ok: [server3] => (item=enable_cloudkitty_False)
ok: [server1] => (item=enable_hyperv_False)
ok: [server2] => (item=enable_grafana_False)
ok: [localhost] => (item=enable_collectd_False)
ok: [server3] => (item=enable_collectd_False)
ok: [server1] => (item=enable_influxdb_False)
ok: [server2] => (item=enable_haproxy_True)
ok: [localhost] => (item=enable_congress_False)
ok: [server3] => (item=enable_congress_False)
ok: [server1] => (item=enable_ironic_False)
ok: [server2] => (item=enable_heat_True)
ok: [localhost] => (item=enable_cyborg_False)
ok: [server3] => (item=enable_cyborg_False)
ok: [server1] => (item=enable_iscsid_False)
ok: [server2] => (item=enable_horizon_True)
ok: [localhost] => (item=enable_designate_False)
ok: [server3] => (item=enable_designate_False)
ok: [server2] => (item=enable_hyperv_False)
ok: [server1] => (item=enable_kafka_False)
ok: [localhost] => (item=enable_elasticsearch_False)
ok: [server2] => (item=enable_influxdb_False)
ok: [server3] => (item=enable_elasticsearch_False)
ok: [server1] => (item=enable_karbor_False)
ok: [localhost] => (item=enable_etcd_False)
ok: [server2] => (item=enable_ironic_False)
ok: [server1] => (item=enable_keystone_True)
ok: [localhost] => (item=enable_freezer_False)
ok: [server3] => (item=enable_etcd_False)
ok: [server2] => (item=enable_iscsid_False)
ok: [server1] => (item=enable_kibana_False)
ok: [localhost] => (item=enable_glance_True)
ok: [server3] => (item=enable_freezer_False)
ok: [server2] => (item=enable_kafka_False)
ok: [localhost] => (item=enable_gnocchi_False)
ok: [server1] => (item=enable_kuryr_False)
ok: [server3] => (item=enable_glance_True)
ok: [server2] => (item=enable_karbor_False)
ok: [localhost] => (item=enable_grafana_False)
ok: [server1] => (item=enable_magnum_False)
ok: [server3] => (item=enable_gnocchi_False)
ok: [localhost] => (item=enable_haproxy_True)
ok: [server2] => (item=enable_keystone_True)
ok: [server1] => (item=enable_manila_False)
ok: [server3] => (item=enable_grafana_False)
ok: [localhost] => (item=enable_heat_True)
ok: [server2] => (item=enable_kibana_False)
ok: [server1] => (item=enable_mariadb_True)
ok: [localhost] => (item=enable_horizon_True)
ok: [server3] => (item=enable_haproxy_True)
ok: [server2] => (item=enable_kuryr_False)
ok: [server1] => (item=enable_masakari_False)
ok: [localhost] => (item=enable_hyperv_False)
ok: [server3] => (item=enable_heat_True)
ok: [server1] => (item=enable_memcached_True)
ok: [localhost] => (item=enable_influxdb_False)
ok: [server2] => (item=enable_magnum_False)
ok: [server3] => (item=enable_horizon_True)
ok: [server1] => (item=enable_mistral_False)
ok: [localhost] => (item=enable_ironic_False)
ok: [server3] => (item=enable_hyperv_False)
ok: [server1] => (item=enable_monasca_False)
ok: [localhost] => (item=enable_iscsid_False)
ok: [server2] => (item=enable_manila_False)
ok: [server3] => (item=enable_influxdb_False)
ok: [server1] => (item=enable_mongodb_False)
ok: [localhost] => (item=enable_kafka_False)
ok: [server3] => (item=enable_ironic_False)
ok: [server2] => (item=enable_mariadb_True)
ok: [server1] => (item=enable_multipathd_False)
ok: [localhost] => (item=enable_karbor_False)
ok: [server3] => (item=enable_iscsid_False)
ok: [server2] => (item=enable_masakari_False)
ok: [localhost] => (item=enable_keystone_True)
ok: [server1] => (item=enable_murano_False)
ok: [server3] => (item=enable_kafka_False)
ok: [server2] => (item=enable_memcached_True)
ok: [localhost] => (item=enable_kibana_False)
ok: [server1] => (item=enable_neutron_True)
ok: [server3] => (item=enable_karbor_False)
ok: [localhost] => (item=enable_kuryr_False)
ok: [server2] => (item=enable_mistral_False)
ok: [server1] => (item=enable_nova_True)
ok: [localhost] => (item=enable_magnum_False)
ok: [server3] => (item=enable_keystone_True)
ok: [server2] => (item=enable_monasca_False)
ok: [server1] => (item=enable_octavia_False)
ok: [localhost] => (item=enable_manila_False)
ok: [server3] => (item=enable_kibana_False)
ok: [server2] => (item=enable_mongodb_False)
ok: [server1] => (item=enable_openvswitch_True_enable_ovs_dpdk_False)
ok: [localhost] => (item=enable_mariadb_True)
ok: [server3] => (item=enable_kuryr_False)
ok: [server2] => (item=enable_multipathd_False)
ok: [server1] => (item=enable_outward_rabbitmq_False)
ok: [localhost] => (item=enable_masakari_False)
ok: [server3] => (item=enable_magnum_False)
ok: [server2] => (item=enable_murano_False)
ok: [server1] => (item=enable_ovn_False)
ok: [localhost] => (item=enable_memcached_True)
ok: [server3] => (item=enable_manila_False)
ok: [server2] => (item=enable_neutron_True)
ok: [server1] => (item=enable_panko_False)
ok: [localhost] => (item=enable_mistral_False)
ok: [server3] => (item=enable_mariadb_True)
ok: [server2] => (item=enable_nova_True)
ok: [server1] => (item=enable_placement_True)
ok: [localhost] => (item=enable_monasca_False)
ok: [server3] => (item=enable_masakari_False)
ok: [server2] => (item=enable_octavia_False)
ok: [localhost] => (item=enable_mongodb_False)
ok: [server1] => (item=enable_prometheus_False)
ok: [server3] => (item=enable_memcached_True)
ok: [server2] => (item=enable_openvswitch_True_enable_ovs_dpdk_False)
ok: [localhost] => (item=enable_multipathd_False)
ok: [server1] => (item=enable_qdrouterd_False)
ok: [server3] => (item=enable_mistral_False)
ok: [server2] => (item=enable_outward_rabbitmq_False)
ok: [localhost] => (item=enable_murano_False)
ok: [server1] => (item=enable_qinling_False)
ok: [server3] => (item=enable_monasca_False)
ok: [server2] => (item=enable_ovn_False)
ok: [localhost] => (item=enable_neutron_True)
ok: [server1] => (item=enable_rabbitmq_True)
ok: [server3] => (item=enable_mongodb_False)
ok: [localhost] => (item=enable_nova_True)
ok: [server2] => (item=enable_panko_False)
ok: [server1] => (item=enable_rally_False)
ok: [localhost] => (item=enable_octavia_False)
ok: [server2] => (item=enable_placement_True)
ok: [server3] => (item=enable_multipathd_False)
ok: [server1] => (item=enable_redis_False)
ok: [localhost] => (item=enable_openvswitch_True_enable_ovs_dpdk_False)
ok: [server2] => (item=enable_prometheus_False)
ok: [server3] => (item=enable_murano_False)
ok: [server1] => (item=enable_sahara_False)
ok: [localhost] => (item=enable_outward_rabbitmq_False)
ok: [server2] => (item=enable_qdrouterd_False)
ok: [server3] => (item=enable_neutron_True)
ok: [server1] => (item=enable_searchlight_False)
ok: [localhost] => (item=enable_ovn_False)
ok: [server2] => (item=enable_qinling_False)
ok: [server3] => (item=enable_nova_True)
ok: [server1] => (item=enable_senlin_False)
ok: [localhost] => (item=enable_panko_False)
ok: [server2] => (item=enable_rabbitmq_True)
ok: [server3] => (item=enable_octavia_False)
ok: [server1] => (item=enable_skydive_False)
ok: [localhost] => (item=enable_placement_True)
ok: [server2] => (item=enable_rally_False)
ok: [server3] => (item=enable_openvswitch_True_enable_ovs_dpdk_False)
ok: [server1] => (item=enable_solum_False)
ok: [localhost] => (item=enable_prometheus_False)
ok: [server3] => (item=enable_outward_rabbitmq_False)
ok: [server2] => (item=enable_redis_False)
ok: [localhost] => (item=enable_qdrouterd_False)
ok: [server1] => (item=enable_storm_False)
ok: [server2] => (item=enable_sahara_False)
ok: [server3] => (item=enable_ovn_False)
ok: [localhost] => (item=enable_qinling_False)
ok: [server1] => (item=enable_swift_False)
ok: [server2] => (item=enable_searchlight_False)
ok: [server3] => (item=enable_panko_False)
ok: [localhost] => (item=enable_rabbitmq_True)
ok: [server1] => (item=enable_tacker_False)
ok: [server2] => (item=enable_senlin_False)
ok: [localhost] => (item=enable_rally_False)
ok: [server3] => (item=enable_placement_True)
ok: [server1] => (item=enable_telegraf_False)
ok: [localhost] => (item=enable_redis_False)
ok: [server2] => (item=enable_skydive_False)
ok: [server3] => (item=enable_prometheus_False)
ok: [server1] => (item=enable_tempest_False)
ok: [localhost] => (item=enable_sahara_False)
ok: [server2] => (item=enable_solum_False)
ok: [server3] => (item=enable_qdrouterd_False)
ok: [server1] => (item=enable_trove_False)
ok: [localhost] => (item=enable_searchlight_False)
ok: [server2] => (item=enable_storm_False)
ok: [server3] => (item=enable_qinling_False)
ok: [server1] => (item=enable_vitrage_False)
ok: [localhost] => (item=enable_senlin_False)
ok: [server2] => (item=enable_swift_False)
ok: [server3] => (item=enable_rabbitmq_True)
ok: [server1] => (item=enable_vmtp_False)
ok: [localhost] => (item=enable_skydive_False)
ok: [server2] => (item=enable_tacker_False)
ok: [server3] => (item=enable_rally_False)
ok: [server1] => (item=enable_watcher_False)
ok: [localhost] => (item=enable_solum_False)
ok: [server2] => (item=enable_telegraf_False)
ok: [server3] => (item=enable_redis_False)
ok: [localhost] => (item=enable_storm_False)
ok: [server1] => (item=enable_zookeeper_False)
ok: [server2] => (item=enable_tempest_False)
ok: [server3] => (item=enable_sahara_False)
ok: [localhost] => (item=enable_swift_False)
ok: [server1] => (item=enable_zun_False)
ok: [server2] => (item=enable_trove_False)
ok: [server3] => (item=enable_searchlight_False)
ok: [localhost] => (item=enable_tacker_False)
ok: [server2] => (item=enable_vitrage_False)
ok: [server3] => (item=enable_senlin_False)
ok: [localhost] => (item=enable_telegraf_False)
ok: [server2] => (item=enable_vmtp_False)
ok: [localhost] => (item=enable_tempest_False)
ok: [server3] => (item=enable_skydive_False)
ok: [server2] => (item=enable_watcher_False)
ok: [localhost] => (item=enable_trove_False)
ok: [server3] => (item=enable_solum_False)
ok: [server2] => (item=enable_zookeeper_False)
ok: [localhost] => (item=enable_vitrage_False)
ok: [server3] => (item=enable_storm_False)
ok: [localhost] => (item=enable_vmtp_False)
ok: [server2] => (item=enable_zun_False)
ok: [server3] => (item=enable_swift_False)
ok: [localhost] => (item=enable_watcher_False)
ok: [server3] => (item=enable_tacker_False)
ok: [localhost] => (item=enable_zookeeper_False)
ok: [server3] => (item=enable_telegraf_False)
ok: [localhost] => (item=enable_zun_False)
ok: [server3] => (item=enable_tempest_False)
ok: [server3] => (item=enable_trove_False)
ok: [server3] => (item=enable_vitrage_False)
ok: [server3] => (item=enable_vmtp_False)
ok: [server3] => (item=enable_watcher_False)
ok: [server3] => (item=enable_zookeeper_False)
ok: [server3] => (item=enable_zun_False)

PLAY [Apply role prechecks] ****************************************************

TASK [prechecks : include_tasks] ***********************************************
included: /usr/local/share/kolla-ansible/ansible/roles/prechecks/tasks/host_os_checks.yml for server1, server2, server3, localhost

TASK [prechecks : Checking host OS distribution] *******************************
skipping: [server1]
skipping: [server2]
skipping: [server3]
skipping: [localhost]

TASK [prechecks : Checking host OS release or version] *************************
fatal: [server1]: FAILED! => {"changed": false, "msg": "Ubuntu release focal version 20.04 is not supported. Supported releases are: bionic"}
fatal: [server2]: FAILED! => {"changed": false, "msg": "Ubuntu release focal version 20.04 is not supported. Supported releases are: bionic"}
fatal: [server3]: FAILED! => {"changed": false, "msg": "Ubuntu release focal version 20.04 is not supported. Supported releases are: bionic"}
fatal: [localhost]: FAILED! => {"changed": false, "msg": "Ubuntu release focal version 20.04 is not supported. Supported releases are: bionic"}

PLAY RECAP *********************************************************************
localhost                  : ok=5    changed=0    unreachable=0    failed=1    skipped=1    rescued=0    ignored=0   
server1                    : ok=5    changed=0    unreachable=0    failed=1    skipped=1    rescued=0    ignored=0   
server2                    : ok=5    changed=0    unreachable=0    failed=1    skipped=1    rescued=0    ignored=0   
server3                    : ok=5    changed=0    unreachable=0    failed=1    skipped=1    rescued=0    ignored=0   

Command failed ansible-playbook -i ../multinode -e @/etc/kolla/globals.yml -e @/etc/kolla/passwords.yml -e CONFIG_DIR=/etc/kolla  -e kolla_action=precheck /usr/local/share/kolla-ansible/ansible/site.yml 
